<?xml version="1.0" encoding="UTF-8"?>
<!-- Generated by org.testng.reporters.JUnitXMLReporter -->
<testsuite hostname="LIN60015531" ignored="0" name="Test" tests="4" failures="0" timestamp="2020-03-20T02:13:07 IST" time="0.056" errors="0">
  <testcase name="Notepad" time="0.009" classname="qaclickacademy.Day2Test"/>
  <testcase name="Wordpad" time="0.001" classname="qaclickacademy.Day2Test"/>
  <testcase name="Loadrunner" time="0.001" classname="qaclickacademy.Day1Test"/>
  <testcase name="Selenium" time="0.001" classname="qaclickacademy.Day1Test"/>
</testsuite> <!-- Test -->
