<?xml version="1.0" encoding="UTF-8"?>
<testng-results skipped="0" failed="0" ignored="0" total="4" passed="4">
  <reporter-output>
  </reporter-output>
  <suite name="Suite" duration-ms="56" started-at="2020-03-20T02:13:07 IST" finished-at="2020-03-20T02:13:07 IST">
    <groups>
    </groups>
    <test name="Test" duration-ms="56" started-at="2020-03-20T02:13:07 IST" finished-at="2020-03-20T02:13:07 IST">
      <class name="qaclickacademy.Day2Test">
        <test-method status="PASS" signature="Notepad()[pri:0, instance:qaclickacademy.Day2Test@192b07fd]" name="Notepad" duration-ms="9" started-at="2020-03-20T02:13:07 IST" finished-at="2020-03-20T02:13:07 IST">
          <reporter-output>
          </reporter-output>
        </test-method> <!-- Notepad -->
        <test-method status="PASS" signature="Wordpad()[pri:0, instance:qaclickacademy.Day2Test@192b07fd]" name="Wordpad" duration-ms="1" started-at="2020-03-20T02:13:07 IST" finished-at="2020-03-20T02:13:07 IST">
          <reporter-output>
          </reporter-output>
        </test-method> <!-- Wordpad -->
      </class> <!-- qaclickacademy.Day2Test -->
      <class name="qaclickacademy.Day1Test">
        <test-method status="PASS" signature="Loadrunner()[pri:0, instance:qaclickacademy.Day1Test@64bfbc86]" name="Loadrunner" duration-ms="1" started-at="2020-03-20T02:13:07 IST" finished-at="2020-03-20T02:13:07 IST">
          <reporter-output>
          </reporter-output>
        </test-method> <!-- Loadrunner -->
        <test-method status="PASS" signature="Selenium()[pri:0, instance:qaclickacademy.Day1Test@64bfbc86]" name="Selenium" duration-ms="1" started-at="2020-03-20T02:13:07 IST" finished-at="2020-03-20T02:13:07 IST">
          <reporter-output>
          </reporter-output>
        </test-method> <!-- Selenium -->
      </class> <!-- qaclickacademy.Day1Test -->
    </test> <!-- Test -->
  </suite> <!-- Suite -->
</testng-results>
