<?xml version="1.0" encoding="UTF-8"?>
<testng-results skipped="0" failed="0" ignored="0" total="2" passed="2">
  <reporter-output>
  </reporter-output>
  <suite name="Default suite" duration-ms="59" started-at="2020-03-19T14:35:14 IST" finished-at="2020-03-19T14:35:14 IST">
    <groups>
    </groups>
    <test name="Default test" duration-ms="59" started-at="2020-03-19T14:35:14 IST" finished-at="2020-03-19T14:35:14 IST">
      <class name="qaclickacademy.Test1">
        <test-method status="PASS" signature="Loadrunner()[pri:0, instance:qaclickacademy.Test1@5383967b]" name="Loadrunner" duration-ms="11" started-at="2020-03-19T14:35:14 IST" finished-at="2020-03-19T14:35:14 IST">
          <reporter-output>
          </reporter-output>
        </test-method> <!-- Loadrunner -->
        <test-method status="PASS" signature="Selenium()[pri:0, instance:qaclickacademy.Test1@5383967b]" name="Selenium" duration-ms="1" started-at="2020-03-19T14:35:14 IST" finished-at="2020-03-19T14:35:14 IST">
          <reporter-output>
          </reporter-output>
        </test-method> <!-- Selenium -->
      </class> <!-- qaclickacademy.Test1 -->
    </test> <!-- Default test -->
  </suite> <!-- Default suite -->
</testng-results>
